Error reading file UNITS.CZ !!!!
Error reading file MURY.CZ !!!!
Error reading file MOSTY.CZ !!!!
Error reading file SPECOBJ.CZ !!!!
Error reading file RESEARCH.CZ !!!!
Error reading file UPGRADES.CZ !!!!
Error reading file BUTTONS.CZ !!!!
Error reading file DISPLAY.CZ !!!!
Error reading file INFOTEXT.CZ !!!!
Error reading file MESIACE.CZ !!!!
Error reading file BIG_MAP.CZ !!!!
Error reading file SELTAB.CZ !!!!
Error reading file HODNOSTI.CZ !!!!
Error reading file OTHER.CZ !!!!
Error reading file UNITS.CZ !!!!
Error reading file MURY.CZ !!!!
Error reading file MOSTY.CZ !!!!
Error reading file SPECOBJ.CZ !!!!
Error reading file RESEARCH.CZ !!!!
Error reading file UPGRADES.CZ !!!!
Error reading file BUTTONS.CZ !!!!
Error reading file DISPLAY.CZ !!!!
Error reading file INFOTEXT.CZ !!!!
Error reading file MESIACE.CZ !!!!
Error reading file BIG_MAP.CZ !!!!
Error reading file SELTAB.CZ !!!!
Error reading file HODNOSTI.CZ !!!!
Error reading file OTHER.CZ !!!!
Error reading file UNITS.CZ !!!!
Error reading file MURY.CZ !!!!
Error reading file MOSTY.CZ !!!!
Error reading file SPECOBJ.CZ !!!!
Error reading file RESEARCH.CZ !!!!
Error reading file UPGRADES.CZ !!!!
Error reading file BUTTONS.CZ !!!!
Error reading file DISPLAY.CZ !!!!
Error reading file INFOTEXT.CZ !!!!
Error reading file MESIACE.CZ !!!!
Error reading file BIG_MAP.CZ !!!!
Error reading file SELTAB.CZ !!!!
Error reading file HODNOSTI.CZ !!!!
Error reading file OTHER.CZ !!!!
Error reading file UNITS.CZ !!!!
Error reading file MURY.CZ !!!!
Error reading file MOSTY.CZ !!!!
Error reading file SPECOBJ.CZ !!!!
Error reading file RESEARCH.CZ !!!!
Error reading file UPGRADES.CZ !!!!
Error reading file BUTTONS.CZ !!!!
Error reading file DISPLAY.CZ !!!!
Error reading file INFOTEXT.CZ !!!!
Error reading file MESIACE.CZ !!!!
Error reading file BIG_MAP.CZ !!!!
Error reading file SELTAB.CZ !!!!
Error reading file HODNOSTI.CZ !!!!
Error reading file OTHER.CZ !!!!
Error reading file UNITS.CZ !!!!
Error reading file MURY.CZ !!!!
Error reading file MOSTY.CZ !!!!
Error reading file SPECOBJ.CZ !!!!
Error reading file RESEARCH.CZ !!!!
Error reading file UPGRADES.CZ !!!!
Error reading file BUTTONS.CZ !!!!
Error reading file DISPLAY.CZ !!!!
Error reading file INFOTEXT.CZ !!!!
Error reading file MESIACE.CZ !!!!
Error reading file BIG_MAP.CZ !!!!
Error reading file SELTAB.CZ !!!!
Error reading file HODNOSTI.CZ !!!!
Error reading file OTHER.CZ !!!!
Error reading file UNITS.CZ !!!!
Error reading file MURY.CZ !!!!
Error reading file MOSTY.CZ !!!!
Error reading file SPECOBJ.CZ !!!!
Error reading file RESEARCH.CZ !!!!
Error reading file UPGRADES.CZ !!!!
Error reading file BUTTONS.CZ !!!!
Error reading file DISPLAY.CZ !!!!
Error reading file INFOTEXT.CZ !!!!
Error reading file MESIACE.CZ !!!!
Error reading file BIG_MAP.CZ !!!!
Error reading file SELTAB.CZ !!!!
Error reading file HODNOSTI.CZ !!!!
Error reading file OTHER.CZ !!!!
