CauseWay DOS Extender v3.38 Copyright 1992-97 Michael Devore.
All rights reserved.

Exception: 0E, Error code: 0004

EAX=00700008 EBX=00000000 ECX=00000000 EDX=00000000 ESI=00000000 
EDI=004C6D08 EBP=004C6930 ESP=0046C3E0 EIP=0043D710 EFL=00003244 

CS=01A7-FFBCB000 DS=01AF-FFBCB000 ES=01AF-FFBCB000 
FS=0000-xxxxxxxx GS=01B7-xxxxxxxx SS=01AF-FFBCB000 

CR0=00000000 CR2=00000000 CR3=00000000 TR=0000

Info flags=00008042 

Program Linear Load Address: 00435000

CS:EIP > 66 8B 50 10 83 C4 08 66 83 FA 01 72 20 8B 50 0C 
         8B 70 0C C1 EA 10 81 E6 FF FF 00 00 C1 E2 04 B9 
         06 00 00 00 01 D6 F3 A5 BE 01 00 00 00 53 E8 9D 
         0A 00 00 83 C4 04 89 F0 5F 5E 59 5B C3 00 00 00 
         53 51 52 56 57 55 81 EC 88 00 00 00 89 84 24 80 
         00 00 00 BB 14 00 00 00 BA FF FF FF FF B8 A0 80 
         46 00 E8 59 29 00 00 B8 B8 62 45 00 E8 67 29 00 
         00 85 C0 0F 84 2F 01 00 00 BB 7F 00 00 00 89 C2 
         89 E0 89 E7 E8 B0 29 00 00 29 C9 49 31 C0 F2 AE 
         F7 D1 49 85 C9 75 07 31 C0 E9 0A 01 00 00 89 E0 
         31 D2 E8 BE 27 00 00 89 94 24 84 00 00 00 E9 B1 
         00 00 00 85 DB 74 0A 80 3C 1C 20 0F 85 9C 00 00 
         00 8B 84 24 84 00 00 00 80 3C 04 20 0F 94 C0 8B 
         AC 24 84 00 00 00 25 FF 00 00 00 31 D2 01 C5 31 
         C9 89 AC 24 84 00 00 00 8A 14 2C 31 C0 8A 81 E0 
         F0 45 00 39 C2 75 60 8B AC 24 84 00 00 00 C1 E1 
         

SS:ESP > 40 60 4B 00 08 C2 00 00 01 C4 46 00 34 4F 4A 00 
         04 00 00 00 44 00 00 00 43 D2 43 00 2E 49 4F 44 
         00 00 52 41 53 4E 44 00 00 70 61 72 6D 73 20 66 
         72 6F 6D 20 64 72 69 76 65 72 00 00 65 6E 74 20 
         63 6F 6E 74 61 69 6E 73 20 55 4C 54 52 41 53 4E 
         44 20 76 61 72 69 61 62 6C 65 00 00 DB DB DB DB 
         DB DB DB DB DB DB DB DB DB 00 00 00 20 02 00 00 
         07 00 00 00 01 00 00 00 FF FF FF FF 03 00 00 00 
         28 50 4A 00 B8 65 4C 00 A0 00 00 00 E2 FF 45 00 
         BC 66 4C 00 3C 6D 4C 00 B4 C4 46 00 E5 B4 46 00 
         C1 B4 46 00 00 80 0B 00 71 00 00 00 20 00 00 00 
         F1 AA 43 00 A7 01 00 00 14 32 00 00 B4 C4 46 00 
         D0 32 46 00 C1 B4 46 00 00 00 00 00 C0 C4 46 00 
         35 91 44 00 00 00 00 00 00 01 46 00 2B 1B 44 00 
         00 00 00 00 00 00 00 00 00 00 00 00 00 00 00 00 
         00 00 00 00 00 00 00 00 00 00 00 00 00 00 00 00 
         

         00 00 00 00 00 00 00 00 00 00 00 00 00 00 00 00 
         00 00 00 00 00 00 00 00 00 00 00 00 00 00 00 00 
         00 00 00 00 00 00 00 00 00 00 00 00 00 00 00 00 
         00 00 00 00 00 00 00 00 00 00 00 00 00 00 00 00 
         00 00 00 00 00 00 00 00 00 00 00 00 00 00 00 00 
         00 00 00 00 00 00 00 00 00 00 00 00 00 00 00 00 
         00 00 00 00 00 00 00 00 00 00 00 00 00 00 00 00 
         00 00 00 00 00 00 00 00 00 00 00 00 00 00 00 00 
         00 00 00 00 00 00 00 00 00 00 00 00 00 00 00 00 
         00 00 00 00 00 00 00 00 00 00 00 00 00 00 00 00 
         00 00 00 00 00 00 00 00 00 00 00 00 00 00 00 00 
         00 00 00 00 00 00 00 00 00 00 00 00 02 00 00 00 
         FE FF FE FF FE FF FE FF 00 00 00 00 00 00 00 00 
         00 00 00 00 00 00 00 00 00 00 00 00 00 00 00 00 
         00 00 00 00 00 00 00 00 00 00 00 00 00 00 00 00 
         05 00 00 00 30 69 4C 00 00 00 00 00 19 04 00 00 
SS:EBP > 18 4E 4A 00 47 72 61 76 69 73 20 55 6C 74 72 61 
         53 6F 75 6E 64 20 4D 49 44 49 20 53 79 6E 74 68 
         00 00 00 00 00 00 00 00 00 00 00 00 00 00 00 00 
         00 00 00 00 00 00 00 00 00 00 00 00 00 00 00 00 
         00 00 00 00 00 00 00 00 00 00 00 00 00 00 00 00 
         00 00 00 00 00 00 00 00 00 00 00 00 00 00 00 00 
         00 00 00 00 00 00 00 00 00 00 00 00 00 00 00 00 
         00 00 00 00 00 00 00 00 00 00 00 00 00 00 00 00 
         00 00 00 00 00 00 00 00 00 00 00 00 00 00 00 00 
         00 00 00 00 00 00 00 00 00 00 00 00 00 00 00 00 
         00 00 00 00 00 00 00 00 00 00 00 00 00 00 00 00 
         00 00 00 00 00 00 00 00 00 00 00 00 00 00 00 00 
         00 00 00 00 00 00 00 00 00 00 00 00 00 00 00 00 
         00 00 00 00 00 00 00 00 00 00 00 00 00 00 00 00 
         00 00 00 00 00 00 00 00 00 00 00 00 00 00 00 00 
         00 00 00 00 00 00 00 00 00 00 00 00 00 00 00 00 
         


   Application resource tracking details   
===========================================


Selectors
=========

 sel   base     limit  type D mem count
----------------------------------------
018F 00430000 00004000 DATA 32 Y xxxx
019F 00430AEC 00000138 DATA 32 Y xxxx
01A7 00000000 FFFFFFFF CODE 32 N 0001
01AF 00000000 FFFFFFFF DATA 32 N 0002
01B7 00430C30 00000047 DATA 32 Y xxxx

Total selectors: 0005


Linear memory blocks
====================

 handle    base    length 
--------------------------
00435000 00435000 00038000 
00430AEC 00430AEC 0000013C 
00430C30 00430C30 00000048 

Total Linear memory: 00038184 (0003C000) in 00000003 blocks


Linear memory locked
====================

  base    length 
-----------------
1B680044 0000000B 
00440780 000002B1 
0043DED0 00001B31 
0045F214 00000002 
0045F210 00000002 
0045F212 00000002 
0046A714 00000004 
0045F218 00000004 
0046A710 00000004 
00440B30 00000CE1 
0046A8C0 00000040 
0046A91C 0000007C 
0046A7C0 00000100 
0046A900 00000018 
0045F380 00000004 
0046A918 00000004 
0045F390 00000BD1 
00441B8C 00000D0B 
00471148 00002E35 
00473F88 0000133C 
004752C8 00000A21 
00476038 00000C9B 
00476CD8 0000075D 
00477440 000008AE 
00477CF8 00000B80 
00478880 00000B73 
00479610 00000C94 
0047A4C0 00000B3F 
0047B220 00001053 
0047C490 00000D63 
0047E038 0000250E 
00480550 00003AE9 
00486038 00004058 
0048A098 00003E20 
00484040 0000086D 
004848B8 00000802 
004852D8 000007DA 
0048E038 00001B72 
0048FBB0 000006A8 
00490478 00000804 
00490E98 00004062 
00496038 00003CA0 
00499CE0 000040A9 
0049E038 000012C0 
004A6038 00007AAC 
0049F300 00003B6D 
004AE038 00003CCE 
004B1D10 000040FC 
004A2E78 00000BA3 
004A3A20 000013F1 
004B6038 0000C210 
0046DFA8 00000030 
0000C8C0 00000A20 
0046DFB8 00000030 
0000C8C0 00000B80 
0046DFB8 00000030 
0000C8C0 00002510 
0046DFB8 00000030 
0000C8C0 00000CA0 
0046DFB8 00000030 
0000C8C0 00001050 
0046DFB8 00000030 
0000C8C0 00000D60 
0046DFB8 00000030 
0000C8C0 00002E30 
0046DFB8 00000030 
0000C8C0 000007E0 
0046DFB8 00000030 
0000C8C0 00000870 
0046DFB8 00000030 
0000C8C0 000007E0 
0046DFB8 00000030 
0000C8C0 00000BA0 
0046DFB8 00000030 


DOS memory blocks
=================

 sel   base    length 
----------------------


Protected mode interrupt vectors
================================

No sel   offset 
----------------
08 01A7 00441CED 


Protected mode exception vectors
================================

No sel   offset 
----------------


Real mode interrupt vectors
===========================

No seg offset
-------------


Call-Backs
==========

  real        target
-----------------------


Mouse event target: 01A7:0043A9D0

